[2026-02-25 15:39:35] [Header] ╔══════════════════════════════════════════════════════════════════╗
║                                                                  ║
║     ULTIMATE NETWORK SPEED OPTIMIZER v2.0.0                    ║
║     Maximum Performance • Zero Downtime • No Reboot Required     ║
║                                                                  ║
╚══════════════════════════════════════════════════════════════════╝
[2026-02-25 15:39:35] [Success] Administrator privileges confirmed
[2026-02-25 15:39:35] [Info] Script started at: 02/25/2026 15:39:35
[2026-02-25 15:39:35] [Info] Log file: F:\study\Platforms\windows\netboost\NetworkOptimization_20260225_153935.log
[2026-02-25 15:39:35] [Header] STEP 1: Creating backup of current network configuration
[2026-02-25 15:39:35] [Info] Creating backup of current network settings...
[2026-02-25 15:39:37] [Success] Backup created successfully: F:\study\Platforms\windows\netboost\NetworkBackup_20260225_153935.json
[2026-02-25 15:39:37] [Header] STEP 2: Detecting active network adapter
[2026-02-25 15:39:37] [Success] Detected active WiFi adapter: Wi-Fi Wi-Fi 2
[2026-02-25 15:39:37] [Header] STEP 3: Optimizing TCP/IP Stack Parameters
[2026-02-25 15:39:37] [Info] Configuring TCP Auto-Tuning to 'experimental' for maximum throughput
[2026-02-25 15:39:38] [Success] TCP Auto-Tuning set to experimental mode
[2026-02-25 15:39:38] [Info] Enabling Receive-Side Scaling (RSS) for multi-core optimization
[2026-02-25 15:39:38] [Success] RSS enabled successfully
[2026-02-25 15:39:38] [Info] Configuring Chimney Offload for optimal performance
[2026-02-25 15:39:38] [Success] Chimney Offload enabled
[2026-02-25 15:39:38] [Info] Enabling Direct Cache Access (DCA)
[2026-02-25 15:39:38] [Success] DCA enabled successfully
[2026-02-25 15:39:38] [Info] Enabling NetDMA for improved data transfers
[2026-02-25 15:39:38] [Success] NetDMA enabled successfully
[2026-02-25 15:39:38] [Info] Enabling ECN (Explicit Congestion Notification)
[2026-02-25 15:39:38] [Success] ECN enabled successfully
[2026-02-25 15:39:38] [Info] Enabling RFC 1323 Timestamps
[2026-02-25 15:39:38] [Success] RFC 1323 Timestamps enabled
[2026-02-25 15:39:38] [Info] Setting Initial RTO to 2000ms for improved connection stability
[2026-02-25 15:39:38] [Success] Initial RTO set to 2000ms
[2026-02-25 15:39:38] [Info] Enabling Receive Segment Coalescing (RSC)
[2026-02-25 15:39:38] [Success] RSC enabled successfully
[2026-02-25 15:39:38] [Info] Disabling Non-SACK RTT Resiliency
[2026-02-25 15:39:38] [Success] Non-SACK RTT Resiliency disabled
[2026-02-25 15:39:38] [Info] Setting Max SYN Retransmissions to 2
[2026-02-25 15:39:38] [Success] Max SYN Retransmissions set to 2
[2026-02-25 15:39:38] [Info] Enabling TCP Fast Open
[2026-02-25 15:39:38] [Success] TCP Fast Open enabled
[2026-02-25 15:39:38] [Info] Enabling TCP Fast Open Fallback
[2026-02-25 15:39:38] [Success] TCP Fast Open Fallback enabled
[2026-02-25 15:39:38] [Info] Enabling HyStart algorithm
[2026-02-25 15:39:38] [Success] HyStart enabled successfully
[2026-02-25 15:39:38] [Info] Enabling Proportional Rate Reduction
[2026-02-25 15:39:38] [Success] Proportional Rate Reduction enabled
[2026-02-25 15:39:38] [Info] Setting Pacing Profile to 'always' for consistent throughput
[2026-02-25 15:39:38] [Success] Pacing Profile set to always
[2026-02-25 15:39:38] [Info] Applying TCP/IP Registry Optimizations
[2026-02-25 15:39:38] [Success] TCP Window Size set to 65535 bytes
[2026-02-25 15:39:38] [Success] TCP Window Scaling enabled (RFC 1323)
[2026-02-25 15:39:38] [Success] Default TTL set to 64
[2026-02-25 15:39:38] [Success] Path MTU Discovery enabled
[2026-02-25 15:39:38] [Success] MTU Black Hole Detection disabled
[2026-02-25 15:39:38] [Success] TCP Max Duplicate Acks set to 2
[2026-02-25 15:39:38] [Success] TCP Timed Wait Delay reduced to 30 seconds
[2026-02-25 15:39:38] [Success] Max User Port increased to 65534
[2026-02-25 15:39:38] [Success] TCP Max Connect Response Retransmissions set to 2
[2026-02-25 15:39:38] [Success] TCP Max Data Retransmissions set to 5
[2026-02-25 15:39:38] [Success] SYN Attack Protection enabled
[2026-02-25 15:39:38] [Success] TCP Selective Acknowledgments enabled
[2026-02-25 15:39:38] [Success] TCP Initial RTT set to 300ms
[2026-02-25 15:39:38] [Success] TCP Acknowledgment Frequency optimized
[2026-02-25 15:39:38] [Success] TCP Ports Exhausted threshold set
[2026-02-25 15:39:38] [Header] STEP 4: Optimizing Network Adapter Settings
[2026-02-25 15:39:38] [Info] Removing Windows Network Throttling (NetworkThrottlingIndex)
[2026-02-25 15:39:38] [Success] Network Throttling Index disabled (maximum network priority)
[2026-02-25 15:39:38] [Success] System Responsiveness optimized for network performance
[2026-02-25 15:39:38] [Info] Optimizing AFD (Winsock) parameters for maximum throughput
[2026-02-25 15:39:38] [Success] AFD Default Receive Window set to 16384
[2026-02-25 15:39:38] [Success] AFD Default Send Window set to 16384
[2026-02-25 15:39:38] [Success] AFD Buffer Multiplier increased to 1024
[2026-02-25 15:39:38] [Success] AFD Fast Send Datagram Threshold set to 1500
[2026-02-25 15:39:38] [Success] AFD Dynamic Backlog enabled
[2026-02-25 15:39:38] [Success] AFD Minimum Dynamic Backlog set to 128
[2026-02-25 15:39:38] [Success] AFD Maximum Dynamic Backlog set to 2048
[2026-02-25 15:39:38] [Success] AFD Dynamic Backlog Growth Delta set to 128
[2026-02-25 15:39:38] [Success] AFD Transmit Worker threads set to 32
[2026-02-25 15:39:38] [Success] AFD Large Buffer Size set to 4096
[2026-02-25 15:39:38] [Success] AFD Medium Buffer Size set to 1504
[2026-02-25 15:39:38] [Success] AFD Small Buffer Size set to 128
[2026-02-25 15:39:38] [Info] Optimizing NDIS network driver parameters
[2026-02-25 15:39:38] [Success] NDIS Max RSS CPUs set to auto (use all available cores)
[2026-02-25 15:39:38] [Success] NDIS RSS Base CPU set to 0
[2026-02-25 15:39:38] [Info] Optimizing LAN Manager workstation settings
[2026-02-25 15:39:38] [Success] LanMan Max Commands set to 2048
[2026-02-25 15:39:38] [Success] LanMan Max Threads set to 30
[2026-02-25 15:39:38] [Success] LanMan Max Collection Count set to 32
[2026-02-25 15:39:38] [Success] LanMan Keep Connection time set to 3600 seconds
[2026-02-25 15:39:38] [Success] LanMan Dormant File Limit disabled
[2026-02-25 15:39:38] [Info] Optimizing DNS Client cache settings
[2026-02-25 15:39:38] [Success] DNS Cache Hash Table Bucket Size optimized
[2026-02-25 15:39:38] [Success] DNS Cache Hash Table Size increased to 384
[2026-02-25 15:39:38] [Success] DNS Max Cache TTL set to 86400 seconds (24 hours)
[2026-02-25 15:39:38] [Success] DNS Max Negative Cache TTL set to 900 seconds
[2026-02-25 15:39:38] [Success] DNS Auto DoH enabled
[2026-02-25 15:39:38] [Info] Optimizing WiFi adapter advanced properties for: Wi-Fi Wi-Fi 2
[2026-02-25 15:39:39] [Header] STEP 5: Configuring DNS, QoS, and Advanced Network Settings
[2026-02-25 15:39:39] [Info] Configuring optimized DNS servers (Cloudflare & Google)
[2026-02-25 15:39:39] [Info] Flushing DNS cache to apply new settings
[2026-02-25 15:39:39] [Success] DNS cache flushed successfully
[2026-02-25 15:39:39] [Info] Configuring QoS packet scheduler for optimal network performance
[2026-02-25 15:39:39] [Success] QoS bandwidth reservation disabled (100% bandwidth available)
[2026-02-25 15:39:39] [Success] QoS Network Throttling removed
[2026-02-25 15:39:39] [Success] System Responsiveness prioritized for network
[2026-02-25 15:39:39] [Info] Optimizing Windows Firewall for better performance
[2026-02-25 15:39:39] [Success] Stateful FTP disabled for better performance
[2026-02-25 15:39:39] [Success] Stateful PPTP disabled for better performance
[2026-02-25 15:39:39] [Info] Optimizing MTU size for WiFi connection
[2026-02-25 15:39:39] [Info] Optimizing interface metric for WiFi priority
[2026-02-25 15:39:39] [Info] Optimizing IPv6 settings
[2026-02-25 15:39:39] [Success] IPv6 privacy extensions enabled
[2026-02-25 15:39:39] [Success] IPv6 fully enabled (no disabled components)
[2026-02-25 15:39:39] [Info] Configuring advanced Windows Auto-Tuning parameters
[2026-02-25 15:39:39] [Success] Congestion Provider set to CTCP (Compound TCP)
[2026-02-25 15:39:39] [Info] Disabling power-saving features on network adapter
[2026-02-25 15:39:39] [Success] USB Selective Suspend disabled for network stability
[2026-02-25 15:39:40] [Info] Ensuring critical network services are running optimally
[2026-02-25 15:39:40] [Info] Clearing ARP cache for fresh network state
[2026-02-25 15:39:40] [Success] ARP cache cleared successfully
[2026-02-25 15:39:40] [Info] Optimizing NetBIOS over TCP/IP settings
[2026-02-25 15:39:40] [Success] LMHOSTS lookup disabled
[2026-02-25 15:39:40] [Success] NetBIOS Node Type set to P-node (2)
[2026-02-25 15:39:40] [Info] Optimizing SMB settings for better network file sharing
[2026-02-25 15:39:40] [Success] SMB Server optimized for maximum throughput (Size=3)
[2026-02-25 15:39:40] [Success] SMB1 dependency removed for better performance
[2026-02-25 15:39:40] [Info] Optimizing Network Discovery settings
[2026-02-25 15:39:40] [Info] Applying Aggressive Speed Optimizations...
[2026-02-25 15:39:40] [Success] Nagle Algorithm disabled on all interfaces (lower latency)
[2026-02-25 15:39:40] [Success] TCP connection limit maximized
[2026-02-25 15:39:40] [Success] Max connections per server increased to 16
[2026-02-25 15:39:40] [Success] TCP heuristics disabled for consistent performance
[2026-02-25 15:39:40] [Success] Congestion control set to CUBIC (high bandwidth optimized)
[2026-02-25 15:39:40] [Success] IRP Stack Size increased to 50
[2026-02-25 15:39:40] [Success] Global Max TCP Window Size set to 16MB
[2026-02-25 15:39:40] [Success] TCP Receive Buffer Space set to 16MB
[2026-02-25 15:39:40] [Success] TCP Send Buffer Space set to 16MB
[2026-02-25 15:39:40] [Success] Task Offload disabled for reliable CPU processing
[2026-02-25 15:39:40] [Success] TCP Keepalive optimized (60s timeout, 1s interval)
[2026-02-25 15:39:40] [Success] LanMan bandwidth throttling disabled
[2026-02-25 15:39:40] [Success] Large MTU enabled for LanMan
[2026-02-25 15:39:41] [Success] Flow Control disabled on WiFi adapter
[2026-02-25 15:39:41] [Success] RSS Queues optimized
[2026-02-25 15:39:41] [Success] MSMQ TCP No Delay enabled
[2026-02-25 15:39:41] [Info] Applying Download-Specific Optimizations...
[2026-02-25 15:39:41] [Success] TCP Auto-Tuning set to EXPERIMENTAL (max receive window)
[2026-02-25 15:39:41] [Success] ECN enabled for better congestion control
[2026-02-25 15:39:41] [Success] TCP Window Scaling + Timestamps enabled (RFC 1323)
[2026-02-25 15:39:41] [Success] Default Receive Window set to 64KB
[2026-02-25 15:39:41] [Success] Default Send Window set to 64KB
[2026-02-25 15:39:41] [Success] TCP Timestamps enabled for better RTT
[2026-02-25 15:39:41] [Success] Delivery Optimization P2P disabled (more bandwidth for you)
[2026-02-25 15:39:41] [Success] Background apps network access limited
[2026-02-25 15:39:41] [Success] AFD socket windows increased to 64KB
[2026-02-25 15:39:41] [Success] NDIS filter limit increased
[2026-02-25 15:39:41] [Success] Bandwidth reservation disabled (full speed available)
[2026-02-25 15:39:41] [Success] NetBT cache timeout optimized
[2026-02-25 15:39:41] [Success] Per-interface TCP window size set to 64KB
[2026-02-25 15:39:41] [Info] Created registry path: HKLM:\SOFTWARE\Policies\Microsoft\Windows Defender\Real-Time Protection
[2026-02-25 15:39:41] [Success] IPv6 transition technologies disabled (pure IPv4 speed)
[2026-02-25 15:39:41] [Success] WinHTTP connections per server increased to 32
[2026-02-25 15:39:41] [Success] Multimedia network throttling completely disabled
[2026-02-25 15:39:41] [Header] STEP 6: Finalizing Optimizations and System Cleanup
[2026-02-25 15:39:41] [Info] Performing clean Winsock catalog and IP stack refresh
[2026-02-25 15:39:41] [Success] Winsock catalog integrity verified (no reset required for immediate application)
[2026-02-25 15:39:41] [Info] Refreshing network adapter configuration
[2026-02-25 15:39:41] [Info] Refreshing DHCP lease...
[2026-02-25 15:39:42] [Success] DHCP lease renewed successfully
[2026-02-25 15:39:42] [Info] Registering DNS records
[2026-02-25 15:39:45] [Success] DNS registration initiated
[2026-02-25 15:39:45] [Info] Optimizing Windows Update delivery for network performance
[2026-02-25 15:39:45] [Success] Delivery Optimization set to LAN-only mode
[2026-02-25 15:39:45] [Success] Download throttle backoff optimized
[2026-02-25 15:39:45] [Info] Optimizing Network Location Awareness service
[2026-02-25 15:39:45] [Success] Active network probing enabled for faster detection
[2026-02-25 15:39:45] [Info] Optimizing BITS for better background transfer performance
[2026-02-25 15:39:45] [Success] BITS max bandwidth limit disabled (use full available)
[2026-02-25 15:39:45] [Info] Configuring Teredo and IPv6 transition technologies
[2026-02-25 15:39:45] [Success] Teredo set to client mode
[2026-02-25 15:39:45] [Success] ISATAP enabled
[2026-02-25 15:39:45] [Info] Optimizing Multimedia Class Scheduler for network priority
[2026-02-25 15:39:45] [Success] MMCSS Network Throttling Index disabled
[2026-02-25 15:39:45] [Success] MMCSS System Responsiveness maximized
[2026-02-25 15:39:45] [Success] MMCSS task profiles optimized for high priority
[2026-02-25 15:39:45] [Info] Disabling Windows Error Reporting network usage
[2026-02-25 15:39:45] [Success] Windows Error Reporting disabled to preserve bandwidth
[2026-02-25 15:39:45] [Info] Optimizing Performance Counters for network monitoring
[2026-02-25 15:39:46] [Success] Performance counters rebuilt successfully
[2026-02-25 15:39:46] [Header] STEP 7: Verifying Network Optimizations
[2026-02-25 15:39:46] [Info] Gathering post-optimization network statistics...
[2026-02-25 15:39:46] [Info] Current TCP Global Settings:
[2026-02-25 15:39:46] [Info] Querying active state...
[2026-02-25 15:39:46] [Info] TCP Global Parameters
[2026-02-25 15:39:46] [Info] ----------------------------------------------
[2026-02-25 15:39:46] [Info] Receive-Side Scaling State          : enabled 
[2026-02-25 15:39:46] [Info] Receive Window Auto-Tuning Level    : experimental 
[2026-02-25 15:39:46] [Info] Add-On Congestion Control Provider  : default 
[2026-02-25 15:39:46] [Info] ECN Capability                      : enabled 
[2026-02-25 15:39:46] [Info] RFC 1323 Timestamps                 : enabled 
[2026-02-25 15:39:46] [Info] Initial RTO                         : 2000 
[2026-02-25 15:39:46] [Info] Receive Segment Coalescing State    : enabled 
[2026-02-25 15:39:46] [Info] Non Sack Rtt Resiliency             : disabled 
[2026-02-25 15:39:46] [Info] Max SYN Retransmissions             : 2 
[2026-02-25 15:39:46] [Info] Fast Open                           : enabled 
[2026-02-25 15:39:46] [Info] Fast Open Fallback                  : enabled 
[2026-02-25 15:39:46] [Info] HyStart                             : enabled 
[2026-02-25 15:39:46] [Info] Proportional Rate Reduction         : enabled 
[2026-02-25 15:39:46] [Info] Pacing Profile                      : always 
[2026-02-25 15:39:46] [Info] WiFi Adapter Information:
[2026-02-25 15:39:46] [Info] There are 2 interfaces on the system: 
[2026-02-25 15:39:46] [Info]     Name                   : Wi-Fi
[2026-02-25 15:39:46] [Info]     Description            : Qualcomm FastConnect 7800 Wi-Fi 7 High Band Simultaneous (HBS) Network Adapter
[2026-02-25 15:39:46] [Info]     GUID                   : df23c0c7-d670-48d2-895d-430b2d897414
[2026-02-25 15:39:46] [Info]     Physical address       : 4c:23:38:d0:30:a1
[2026-02-25 15:39:46] [Info]     Interface type         : Primary
[2026-02-25 15:39:46] [Info]     State                  : connected
[2026-02-25 15:39:46] [Info]     SSID                   : Stella_5
[2026-02-25 15:39:46] [Info]     AP BSSID               : a2:b5:3c:51:ca:09
[2026-02-25 15:39:46] [Info]     Band                   : 5 GHz
[2026-02-25 15:39:46] [Info]     Channel                : 56
[2026-02-25 15:39:46] [Info]     Connected Akm-cipher   : [ akm = 00-0f-ac:02, cipher =  00-0f-ac:04 ]
[2026-02-25 15:39:46] [Info]     Network type           : Infrastructure
[2026-02-25 15:39:46] [Info]     Radio type             : 802.11ax
[2026-02-25 15:39:46] [Info]     Authentication         : WPA2-Personal
[2026-02-25 15:39:46] [Info]     Cipher                 : CCMP
[2026-02-25 15:39:46] [Info]     Connection mode        : Auto Connect
[2026-02-25 15:39:46] [Info]     Receive rate (Mbps)    : 1201
[2026-02-25 15:39:46] [Info]     Transmit rate (Mbps)   : 1201
[2026-02-25 15:39:46] [Info]     Signal                 : 86% 
[2026-02-25 15:39:46] [Info]     Rssi                   : -59
[2026-02-25 15:39:46] [Info]     Profile                : Stella_5 
[2026-02-25 15:39:46] [Info]     QoS MSCS Configured         : 0
[2026-02-25 15:39:46] [Info]     QoS Map Configured          : 0
[2026-02-25 15:39:46] [Info]     QoS Map Allowed by Policy   : 0
[2026-02-25 15:39:46] [Info]     Name                   : Wi-Fi 2
[2026-02-25 15:39:46] [Info]     Description            : Qualcomm FastConnect 7800 Wi-Fi 7 High Band Simultaneous (HBS) Network Adapter #2
[2026-02-25 15:39:46] [Info]     GUID                   : 7ef46418-de09-4978-b2e6-34123d61e7f8
[2026-02-25 15:39:46] [Info]     Physical address       : 6e:23:38:d0:30:a1
[2026-02-25 15:39:46] [Info]     Interface type         : Secondary
[2026-02-25 15:39:46] [Info]     Primary interface      : Wi-Fi
[2026-02-25 15:39:46] [Info]     State                  : disconnected
[2026-02-25 15:39:46] [Info]     Radio status           : Hardware On
[2026-02-25 15:39:46] [Info]                              Software On
[2026-02-25 15:39:46] [Info] IP Configuration:
[2026-02-25 15:39:46] [Info] Windows IP Configuration
[2026-02-25 15:39:46] [Info]    Host Name . . . . . . . . . . . . : user
[2026-02-25 15:39:46] [Info]    Primary Dns Suffix  . . . . . . . : 
[2026-02-25 15:39:46] [Info]    Node Type . . . . . . . . . . . . : Peer-Peer
[2026-02-25 15:39:46] [Info]    IP Routing Enabled. . . . . . . . : No
[2026-02-25 15:39:46] [Info]    WINS Proxy Enabled. . . . . . . . : No
[2026-02-25 15:39:46] [Info]    DNS Suffix Search List. . . . . . : lan
[2026-02-25 15:39:46] [Info] Tunnel adapter isatap.{652B90D5-DCFD-4EF1-B0D1-80C2BDF26F13}:
[2026-02-25 15:39:46] [Info]    Connection-specific DNS Suffix  . : 
[2026-02-25 15:39:46] [Info]    Description . . . . . . . . . . . : Microsoft ISATAP Adapter
[2026-02-25 15:39:46] [Info]    Physical Address. . . . . . . . . : 00-00-00-00-00-00-00-E0
[2026-02-25 15:39:46] [Info]    DHCP Enabled. . . . . . . . . . . : No
[2026-02-25 15:39:46] [Info]    Autoconfiguration Enabled . . . . : Yes
[2026-02-25 15:39:46] [Info]    Link-local IPv6 Address . . . . . : fe80::5efe:172.26.224.1%45(Preferred) 
[2026-02-25 15:39:46] [Info]    Default Gateway . . . . . . . . . : 
[2026-02-25 15:39:46] [Info]    DHCPv6 IAID . . . . . . . . . . . : 754974720
[2026-02-25 15:39:46] [Info]    DHCPv6 Client DUID. . . . . . . . : 00-01-01-00-31-0D-C1-8D-30-56-0F-40-D2-4C
[2026-02-25 15:39:46] [Info]    NetBIOS over Tcpip. . . . . . . . : Disabled
[2026-02-25 15:39:46] [Info] Tunnel adapter isatap.{D4F8D591-A55D-48AD-AA11-09BB61BFC3FE}:
[2026-02-25 15:39:46] [Info]    Connection-specific DNS Suffix  . : 
[2026-02-25 15:39:46] [Info]    Description . . . . . . . . . . . : Microsoft ISATAP Adapter
[2026-02-25 15:39:46] [Info]    Physical Address. . . . . . . . . : 00-00-00-00-00-00-00-E0
[2026-02-25 15:39:46] [Info]    DHCP Enabled. . . . . . . . . . . : No
[2026-02-25 15:39:46] [Info]    Autoconfiguration Enabled . . . . : Yes
[2026-02-25 15:39:46] [Info]    Link-local IPv6 Address . . . . . : fe80::5efe:172.16.0.1%56(Preferred) 
[2026-02-25 15:39:46] [Info]    Default Gateway . . . . . . . . . : 
[2026-02-25 15:39:46] [Info]    DHCPv6 IAID . . . . . . . . . . . : 939524096
[2026-02-25 15:39:46] [Info]    DHCPv6 Client DUID. . . . . . . . : 00-01-01-00-31-0D-C1-8D-30-56-0F-40-D2-4C
[2026-02-25 15:39:46] [Info]    NetBIOS over Tcpip. . . . . . . . : Disabled
[2026-02-25 15:39:46] [Info] Ethernet adapter Ethernet:
[2026-02-25 15:39:46] [Info]    Connection-specific DNS Suffix  . : lan
[2026-02-25 15:39:46] [Info]    Description . . . . . . . . . . . : Realtek PCIe 2.5GbE Family Controller
[2026-02-25 15:39:46] [Info]    Physical Address. . . . . . . . . : 30-56-0F-40-D2-4C
[2026-02-25 15:39:46] [Info]    DHCP Enabled. . . . . . . . . . . : Yes
[2026-02-25 15:39:46] [Info]    Autoconfiguration Enabled . . . . : Yes
[2026-02-25 15:39:46] [Info]    Link-local IPv6 Address . . . . . : fe80::246d:538b:2006:f20%9(Preferred) 
[2026-02-25 15:39:46] [Info]    IPv4 Address. . . . . . . . . . . : 192.168.1.129(Preferred) 
[2026-02-25 15:39:46] [Info]    Subnet Mask . . . . . . . . . . . : 255.255.255.0
[2026-02-25 15:39:46] [Info]    Lease Obtained. . . . . . . . . . : Wednesday, 25 February 2026 15:07:11
[2026-02-25 15:39:46] [Info]    Lease Expires . . . . . . . . . . : Thursday, 26 February 2026 3:07:10
[2026-02-25 15:39:46] [Info]    Default Gateway . . . . . . . . . : 192.168.1.1
[2026-02-25 15:39:46] [Info]    DHCP Server . . . . . . . . . . . : 192.168.1.1
[2026-02-25 15:39:46] [Info]    DHCPv6 IAID . . . . . . . . . . . : 120608271
[2026-02-25 15:39:46] [Info]    DHCPv6 Client DUID. . . . . . . . : 00-01-01-00-31-0D-C1-8D-30-56-0F-40-D2-4C
[2026-02-25 15:39:46] [Info]    DNS Servers . . . . . . . . . . . : fe80::a2b5:3cff:fe51:da00%9
[2026-02-25 15:39:46] [Info]                                        8.8.8.8
[2026-02-25 15:39:46] [Info]                                          DoH: https://dns.google/dns-query
[2026-02-25 15:39:46] [Info]                                        8.8.4.4
[2026-02-25 15:39:46] [Info]                                          DoH: https://dns.google/dns-query
[2026-02-25 15:39:46] [Info]                                        fe80::a2b5:3cff:fe51:da00%9
[2026-02-25 15:39:46] [Info]    NetBIOS over Tcpip. . . . . . . . : Disabled
[2026-02-25 15:39:46] [Info]    Connection-specific DNS Suffix Search List :
[2026-02-25 15:39:46] [Info]                                        lan
[2026-02-25 15:39:46] [Info]                                        lan
[2026-02-25 15:39:46] [Info] Wireless LAN adapter Wi-Fi 2:
[2026-02-25 15:39:46] [Info]    Media State . . . . . . . . . . . : Media disconnected
[2026-02-25 15:39:46] [Info]    Connection-specific DNS Suffix  . : 
[2026-02-25 15:39:46] [Info]    Description . . . . . . . . . . . : Qualcomm FastConnect 7800 Wi-Fi 7 High Band Simultaneous (HBS) Network Adapter #2
[2026-02-25 15:39:46] [Info]    Physical Address. . . . . . . . . : 6E-23-38-D0-30-A1
[2026-02-25 15:39:46] [Info]    DHCP Enabled. . . . . . . . . . . : Yes
[2026-02-25 15:39:46] [Info]    Autoconfiguration Enabled . . . . : Yes
[2026-02-25 15:39:46] [Info] Wireless LAN adapter Wi-Fi 4:
[2026-02-25 15:39:46] [Info]    Media State . . . . . . . . . . . : Media disconnected
[2026-02-25 15:39:46] [Info]    Connection-specific DNS Suffix  . : 
[2026-02-25 15:39:46] [Info]    Description . . . . . . . . . . . : Qualcomm FastConnect 7800 Wi-Fi 7 High Band Simultaneous (HBS) Network Adapter #4
[2026-02-25 15:39:46] [Info]    Physical Address. . . . . . . . . : 7E-23-38-D0-30-A1
[2026-02-25 15:39:46] [Info]    DHCP Enabled. . . . . . . . . . . : Yes
[2026-02-25 15:39:46] [Info]    Autoconfiguration Enabled . . . . : Yes
[2026-02-25 15:39:46] [Info] Wireless LAN adapter Wi-Fi 5:
[2026-02-25 15:39:46] [Info]    Media State . . . . . . . . . . . : Media disconnected
[2026-02-25 15:39:46] [Info]    Connection-specific DNS Suffix  . : 
[2026-02-25 15:39:46] [Info]    Description . . . . . . . . . . . : Qualcomm FastConnect 7800 Wi-Fi 7 High Band Simultaneous (HBS) Network Adapter #5
[2026-02-25 15:39:46] [Info]    Physical Address. . . . . . . . . : 8E-23-38-D0-30-A1
[2026-02-25 15:39:46] [Info]    DHCP Enabled. . . . . . . . . . . : Yes
[2026-02-25 15:39:46] [Info]    Autoconfiguration Enabled . . . . : Yes
[2026-02-25 15:39:47] [Info] Tunnel adapter isatap.lan:
[2026-02-25 15:39:47] [Info]    Connection-specific DNS Suffix  . : lan
[2026-02-25 15:39:47] [Info]    Description . . . . . . . . . . . : Microsoft ISATAP Adapter
[2026-02-25 15:39:47] [Info]    Physical Address. . . . . . . . . : 00-00-00-00-00-00-00-E0
[2026-02-25 15:39:47] [Info]    DHCP Enabled. . . . . . . . . . . : No
[2026-02-25 15:39:47] [Info]    Autoconfiguration Enabled . . . . : Yes
[2026-02-25 15:39:47] [Info]    Link-local IPv6 Address . . . . . : fe80::5efe:192.168.1.122%40(Preferred) 
[2026-02-25 15:39:47] [Info]    Link-local IPv6 Address . . . . . : fe80::5efe:192.168.1.129%40(Preferred) 
[2026-02-25 15:39:47] [Info]    Default Gateway . . . . . . . . . : 
[2026-02-25 15:39:47] [Info]    DHCPv6 IAID . . . . . . . . . . . : 671088640
[2026-02-25 15:39:47] [Info]    DHCPv6 Client DUID. . . . . . . . : 00-01-01-00-31-0D-C1-8D-30-56-0F-40-D2-4C
[2026-02-25 15:39:47] [Info]    DNS Servers . . . . . . . . . . . : fe80::a2b5:3cff:fe51:da00%21
[2026-02-25 15:39:47] [Info]                                        1.1.1.1
[2026-02-25 15:39:47] [Info]                                          DoH: https://cloudflare-dns.com/dns-query
[2026-02-25 15:39:47] [Info]                                        1.0.0.1
[2026-02-25 15:39:47] [Info]                                          DoH: https://cloudflare-dns.com/dns-query
[2026-02-25 15:39:47] [Info]                                        fe80::a2b5:3cff:fe51:da00%21
[2026-02-25 15:39:47] [Info]    NetBIOS over Tcpip. . . . . . . . : Disabled
[2026-02-25 15:39:47] [Info] Wireless LAN adapter Wi-Fi:
[2026-02-25 15:39:47] [Info]    Connection-specific DNS Suffix  . : lan
[2026-02-25 15:39:47] [Info]    Description . . . . . . . . . . . : Qualcomm FastConnect 7800 Wi-Fi 7 High Band Simultaneous (HBS) Network Adapter
[2026-02-25 15:39:47] [Info]    Physical Address. . . . . . . . . : 4C-23-38-D0-30-A1
[2026-02-25 15:39:47] [Info]    DHCP Enabled. . . . . . . . . . . : Yes
[2026-02-25 15:39:47] [Info]    Autoconfiguration Enabled . . . . : Yes
[2026-02-25 15:39:47] [Info]    Link-local IPv6 Address . . . . . : fe80::7a29:e60e:791a:7774%21(Preferred) 
[2026-02-25 15:39:47] [Info]    IPv4 Address. . . . . . . . . . . : 192.168.1.122(Preferred) 
[2026-02-25 15:39:47] [Info]    Subnet Mask . . . . . . . . . . . : 255.255.255.0
[2026-02-25 15:39:47] [Info]    Lease Obtained. . . . . . . . . . : Wednesday, 25 February 2026 15:07:17
[2026-02-25 15:39:47] [Info]    Lease Expires . . . . . . . . . . : Thursday, 26 February 2026 3:07:16
[2026-02-25 15:39:47] [Info]    Default Gateway . . . . . . . . . : 192.168.1.1
[2026-02-25 15:39:47] [Info]    DHCP Server . . . . . . . . . . . : 192.168.1.1
[2026-02-25 15:39:47] [Info]    DHCPv6 IAID . . . . . . . . . . . : 323756856
[2026-02-25 15:39:47] [Info]    DHCPv6 Client DUID. . . . . . . . : 00-01-01-00-31-0D-C1-8D-30-56-0F-40-D2-4C
[2026-02-25 15:39:47] [Info]    DNS Servers . . . . . . . . . . . : fe80::a2b5:3cff:fe51:da00%21
[2026-02-25 15:39:47] [Info]                                        1.1.1.1
[2026-02-25 15:39:47] [Info]                                          DoH: https://cloudflare-dns.com/dns-query
[2026-02-25 15:39:47] [Info]                                        1.0.0.1
[2026-02-25 15:39:47] [Info]                                          DoH: https://cloudflare-dns.com/dns-query
[2026-02-25 15:39:47] [Info]                                        fe80::a2b5:3cff:fe51:da00%21
[2026-02-25 15:39:47] [Info]    NetBIOS over Tcpip. . . . . . . . : Disabled
[2026-02-25 15:39:47] [Info]    Connection-specific DNS Suffix Search List :
[2026-02-25 15:39:47] [Info]                                        lan
[2026-02-25 15:39:47] [Info]                                        lan
[2026-02-25 15:39:47] [Info] Ethernet adapter Bluetooth Network Connection:
[2026-02-25 15:39:47] [Info]    Media State . . . . . . . . . . . : Media disconnected
[2026-02-25 15:39:47] [Info]    Connection-specific DNS Suffix  . : 
[2026-02-25 15:39:47] [Info]    Description . . . . . . . . . . . : Bluetooth Device (Personal Area Network)
[2026-02-25 15:39:47] [Info]    Physical Address. . . . . . . . . : 4C-23-38-D0-30-A2
[2026-02-25 15:39:47] [Info]    DHCP Enabled. . . . . . . . . . . : Yes
[2026-02-25 15:39:47] [Info]    Autoconfiguration Enabled . . . . : Yes
[2026-02-25 15:39:47] [Info] Ethernet adapter vEthernet (Default Switch):
[2026-02-25 15:39:47] [Info]    Connection-specific DNS Suffix  . : 
[2026-02-25 15:39:47] [Info]    Description . . . . . . . . . . . : Hyper-V Virtual Ethernet Adapter
[2026-02-25 15:39:47] [Info]    Physical Address. . . . . . . . . : 00-15-5D-50-5B-00
[2026-02-25 15:39:47] [Info]    DHCP Enabled. . . . . . . . . . . : No
[2026-02-25 15:39:47] [Info]    Autoconfiguration Enabled . . . . : Yes
[2026-02-25 15:39:47] [Info]    Link-local IPv6 Address . . . . . : fe80::be3f:4eca:1803:5038%46(Preferred) 
[2026-02-25 15:39:47] [Info]    IPv4 Address. . . . . . . . . . . : 172.26.224.1(Preferred) 
[2026-02-25 15:39:47] [Info]    Subnet Mask . . . . . . . . . . . : 255.255.240.0
[2026-02-25 15:39:47] [Info]    Default Gateway . . . . . . . . . : 
[2026-02-25 15:39:47] [Info]    DHCPv6 IAID . . . . . . . . . . . : 771757405
[2026-02-25 15:39:47] [Info]    DHCPv6 Client DUID. . . . . . . . : 00-01-01-00-31-0D-C1-8D-30-56-0F-40-D2-4C
[2026-02-25 15:39:47] [Info]    NetBIOS over Tcpip. . . . . . . . : Enabled
[2026-02-25 15:39:47] [Info] Ethernet adapter vEthernet (cowork-vm-vnet):
[2026-02-25 15:39:47] [Info]    Connection-specific DNS Suffix  . : 
[2026-02-25 15:39:47] [Info]    Description . . . . . . . . . . . : Hyper-V Virtual Ethernet Adapter #2
[2026-02-25 15:39:47] [Info]    Physical Address. . . . . . . . . : 00-15-5D-1A-FE-EE
[2026-02-25 15:39:47] [Info]    DHCP Enabled. . . . . . . . . . . : No
[2026-02-25 15:39:47] [Info]    Autoconfiguration Enabled . . . . : Yes
[2026-02-25 15:39:47] [Info]    Link-local IPv6 Address . . . . . : fe80::7abb:56af:be45:6241%52(Preferred) 
[2026-02-25 15:39:47] [Info]    IPv4 Address. . . . . . . . . . . : 172.16.0.1(Preferred) 
[2026-02-25 15:39:47] [Info]    Subnet Mask . . . . . . . . . . . : 255.255.255.0
[2026-02-25 15:39:47] [Info]    Default Gateway . . . . . . . . . : 
[2026-02-25 15:39:47] [Info]    DHCPv6 IAID . . . . . . . . . . . : 872420701
[2026-02-25 15:39:47] [Info]    DHCPv6 Client DUID. . . . . . . . : 00-01-01-00-31-0D-C1-8D-30-56-0F-40-D2-4C
[2026-02-25 15:39:47] [Info]    NetBIOS over Tcpip. . . . . . . . : Enabled
[2026-02-25 15:39:47] [Header] STEP 8: Generating Optimization Report
[2026-02-25 15:39:47] [Info] 
╔══════════════════════════════════════════════════════════════════╗
║                  OPTIMIZATION COMPLETE                            ║
╚══════════════════════════════════════════════════════════════════╝

EXECUTION SUMMARY:
─────────────────────────────────────────────────────────────────
  Start Time:              2026-02-25 15:39:35
  End Time:                2026-02-25 15:39:47
  Total Duration:          00:11

RESULTS:
─────────────────────────────────────────────────────────────────
  Total Optimizations:     198
  Successful Operations:   121
  Warnings:                0
  Errors:                  0

OPTIMIZATIONS APPLIED:
─────────────────────────────────────────────────────────────────
  ✓ TCP/IP Stack Parameters (20+ settings)
  ✓ Network Adapter Hardware Acceleration
  ✓ WiFi 6/6E Specific Enhancements
  ✓ Receive/Transmit Buffer Optimization
  ✓ Interrupt Moderation & RSS
  ✓ Large Send Offload (LSO) & Checksum Offload
  ✓ Power Management Disabled
  ✓ DNS Cache & Resolution (Cloudflare + Google)
  ✓ QoS Bandwidth Reservation Removed
  ✓ Network Throttling Disabled
  ✓ AFD (Winsock) Parameters Maximized
  ✓ MTU Optimization (1500 bytes)
  ✓ Interface Priority Settings
  ✓ IPv6 Full Enablement & Optimization
  ✓ Firewall Performance Tuning
  ✓ Network Services Optimization
  ✓ ARP Cache Cleared
  ✓ DNS Cache Flushed & Re-registered
  ✓ SMB Performance Enhanced
  ✓ BITS Transfer Optimization
  ✓ MMCSS Priority Configured

FILES CREATED:
─────────────────────────────────────────────────────────────────
  Backup:                  F:\study\Platforms\windows\netboost\NetworkBackup_20260225_153935.json
  Log:                     F:\study\Platforms\windows\netboost\NetworkOptimization_20260225_153935.log

NEXT STEPS:
─────────────────────────────────────────────────────────────────
  1. Test your network speed using: speedtest
  2. Compare results with your previous test
  3. Expected improvements:
     - Significantly faster download/upload speeds
     - Lower latency and jitter
     - More stable connection
     - Better multi-device performance

  4. If you encounter any issues, restore from backup:
     - Backup file location: F:\study\Platforms\windows\netboost\NetworkBackup_20260225_153935.json

IMPORTANT NOTES:
─────────────────────────────────────────────────────────────────
  • All optimizations are ACTIVE immediately (no reboot required)
  • Your connection was NOT disconnected during optimization
  • Settings are persistent across reboots
  • To revert changes, use the backup file created
  • Some optimizations may take 1-2 minutes to fully stabilize

RECOMMENDED:
─────────────────────────────────────────────────────────────────
  • Run a speed test NOW to see immediate improvements
  • Monitor connection stability for 24 hours
  • Keep the backup file for at least 30 days
  • Re-run this script monthly for optimal performance

╔══════════════════════════════════════════════════════════════════╗
║  Your WiFi/Network has been optimized for MAXIMUM PERFORMANCE!   ║
║                                                                  ║
║  Enjoy your significantly faster internet connection! 🚀          ║
╚══════════════════════════════════════════════════════════════════╝

[2026-02-25 15:39:47] [Success] Optimization script completed successfully!
[2026-02-25 15:39:47] [Info] Please run 'speedtest' to verify your improved network performance
[2026-02-25 15:39:47] [Info] Current time: 2026-02-25 15:39:47
